2020-12-01 11:59:06 INFO  HopesBackApplication:55 - Starting HopesBackApplication on PLX135101050379 with PID 26296 (C:\Users\pedro.gragerafernand\Desktop\Proyectos\Hopes\hopes-back\target\classes started by pedro.gragerafernand in C:\Users\pedro.gragerafernand\Desktop\Proyectos\Hopes\hopes-back)
2020-12-01 11:59:06 DEBUG HopesBackApplication:56 - Running with Spring Boot v2.2.6.RELEASE, Spring v5.2.5.RELEASE
2020-12-01 11:59:06 INFO  HopesBackApplication:655 - The following profiles are active: local
2020-12-01 11:59:08 INFO  RepositoryConfigurationDelegate:249 - Multiple Spring Data modules found, entering strict repository configuration mode!
2020-12-01 11:59:08 INFO  RepositoryConfigurationDelegate:127 - Bootstrapping Spring Data JPA repositories in DEFAULT mode.
2020-12-01 11:59:08 INFO  RepositoryConfigurationExtensionSupport:348 - Spring Data JPA - Could not safely identify store assignment for repository candidate interface es.plexus.hopes.hopesback.repository.FormMongoRepository. If you want this repository to be a JPA repository, consider annotating your entities with one of these annotations: javax.persistence.Entity, javax.persistence.MappedSuperclass (preferred), or consider extending one of the following types with your repository: org.springframework.data.jpa.repository.JpaRepository.
2020-12-01 11:59:08 INFO  RepositoryConfigurationExtensionSupport:348 - Spring Data JPA - Could not safely identify store assignment for repository candidate interface es.plexus.hopes.hopesback.repository.TemplateMongoRepository. If you want this repository to be a JPA repository, consider annotating your entities with one of these annotations: javax.persistence.Entity, javax.persistence.MappedSuperclass (preferred), or consider extending one of the following types with your repository: org.springframework.data.jpa.repository.JpaRepository.
2020-12-01 11:59:08 INFO  RepositoryConfigurationDelegate:187 - Finished Spring Data repository scanning in 480ms. Found 21 JPA repository interfaces.
2020-12-01 11:59:08 INFO  RepositoryConfigurationDelegate:249 - Multiple Spring Data modules found, entering strict repository configuration mode!
2020-12-01 11:59:08 INFO  RepositoryConfigurationDelegate:127 - Bootstrapping Spring Data MongoDB repositories in DEFAULT mode.
2020-12-01 11:59:09 INFO  RepositoryConfigurationExtensionSupport:348 - Spring Data MongoDB - Could not safely identify store assignment for repository candidate interface es.plexus.hopes.hopesback.repository.Cie10Repository. If you want this repository to be a MongoDB repository, consider annotating your entities with one of these annotations: org.springframework.data.mongodb.core.mapping.Document (preferred), or consider extending one of the following types with your repository: org.springframework.data.mongodb.repository.MongoRepository.
2020-12-01 11:59:09 INFO  RepositoryConfigurationExtensionSupport:348 - Spring Data MongoDB - Could not safely identify store assignment for repository candidate interface es.plexus.hopes.hopesback.repository.Cie9Repository. If you want this repository to be a MongoDB repository, consider annotating your entities with one of these annotations: org.springframework.data.mongodb.core.mapping.Document (preferred), or consider extending one of the following types with your repository: org.springframework.data.mongodb.repository.MongoRepository.
2020-12-01 11:59:09 INFO  RepositoryConfigurationExtensionSupport:348 - Spring Data MongoDB - Could not safely identify store assignment for repository candidate interface es.plexus.hopes.hopesback.repository.DispensationDetailRepository. If you want this repository to be a MongoDB repository, consider annotating your entities with one of these annotations: org.springframework.data.mongodb.core.mapping.Document (preferred), or consider extending one of the following types with your repository: org.springframework.data.mongodb.repository.MongoRepository.
2020-12-01 11:59:09 INFO  RepositoryConfigurationExtensionSupport:348 - Spring Data MongoDB - Could not safely identify store assignment for repository candidate interface es.plexus.hopes.hopesback.repository.DispensationRepository. If you want this repository to be a MongoDB repository, consider annotating your entities with one of these annotations: org.springframework.data.mongodb.core.mapping.Document (preferred), or consider extending one of the following types with your repository: org.springframework.data.mongodb.repository.MongoRepository.
2020-12-01 11:59:09 INFO  RepositoryConfigurationExtensionSupport:348 - Spring Data MongoDB - Could not safely identify store assignment for repository candidate interface es.plexus.hopes.hopesback.repository.DoseRepository. If you want this repository to be a MongoDB repository, consider annotating your entities with one of these annotations: org.springframework.data.mongodb.core.mapping.Document (preferred), or consider extending one of the following types with your repository: org.springframework.data.mongodb.repository.MongoRepository.
2020-12-01 11:59:09 INFO  RepositoryConfigurationExtensionSupport:348 - Spring Data MongoDB - Could not safely identify store assignment for repository candidate interface es.plexus.hopes.hopesback.repository.HealthOutcomeRepository. If you want this repository to be a MongoDB repository, consider annotating your entities with one of these annotations: org.springframework.data.mongodb.core.mapping.Document (preferred), or consider extending one of the following types with your repository: org.springframework.data.mongodb.repository.MongoRepository.
2020-12-01 11:59:09 INFO  RepositoryConfigurationExtensionSupport:348 - Spring Data MongoDB - Could not safely identify store assignment for repository candidate interface es.plexus.hopes.hopesback.repository.HospitalRepository. If you want this repository to be a MongoDB repository, consider annotating your entities with one of these annotations: org.springframework.data.mongodb.core.mapping.Document (preferred), or consider extending one of the following types with your repository: org.springframework.data.mongodb.repository.MongoRepository.
2020-12-01 11:59:09 INFO  RepositoryConfigurationExtensionSupport:348 - Spring Data MongoDB - Could not safely identify store assignment for repository candidate interface es.plexus.hopes.hopesback.repository.IndicationRepository. If you want this repository to be a MongoDB repository, consider annotating your entities with one of these annotations: org.springframework.data.mongodb.core.mapping.Document (preferred), or consider extending one of the following types with your repository: org.springframework.data.mongodb.repository.MongoRepository.
2020-12-01 11:59:09 INFO  RepositoryConfigurationExtensionSupport:348 - Spring Data MongoDB - Could not safely identify store assignment for repository candidate interface es.plexus.hopes.hopesback.repository.MedicineRepository. If you want this repository to be a MongoDB repository, consider annotating your entities with one of these annotations: org.springframework.data.mongodb.core.mapping.Document (preferred), or consider extending one of the following types with your repository: org.springframework.data.mongodb.repository.MongoRepository.
2020-12-01 11:59:09 INFO  RepositoryConfigurationExtensionSupport:348 - Spring Data MongoDB - Could not safely identify store assignment for repository candidate interface es.plexus.hopes.hopesback.repository.PathologyRepository. If you want this repository to be a MongoDB repository, consider annotating your entities with one of these annotations: org.springframework.data.mongodb.core.mapping.Document (preferred), or consider extending one of the following types with your repository: org.springframework.data.mongodb.repository.MongoRepository.
2020-12-01 11:59:09 INFO  RepositoryConfigurationExtensionSupport:348 - Spring Data MongoDB - Could not safely identify store assignment for repository candidate interface es.plexus.hopes.hopesback.repository.PatientDataRepository. If you want this repository to be a MongoDB repository, consider annotating your entities with one of these annotations: org.springframework.data.mongodb.core.mapping.Document (preferred), or consider extending one of the following types with your repository: org.springframework.data.mongodb.repository.MongoRepository.
2020-12-01 11:59:09 INFO  RepositoryConfigurationExtensionSupport:348 - Spring Data MongoDB - Could not safely identify store assignment for repository candidate interface es.plexus.hopes.hopesback.repository.PatientDiagnosisRepository. If you want this repository to be a MongoDB repository, consider annotating your entities with one of these annotations: org.springframework.data.mongodb.core.mapping.Document (preferred), or consider extending one of the following types with your repository: org.springframework.data.mongodb.repository.MongoRepository.
2020-12-01 11:59:09 INFO  RepositoryConfigurationExtensionSupport:348 - Spring Data MongoDB - Could not safely identify store assignment for repository candidate interface es.plexus.hopes.hopesback.repository.PatientRepository. If you want this repository to be a MongoDB repository, consider annotating your entities with one of these annotations: org.springframework.data.mongodb.core.mapping.Document (preferred), or consider extending one of the following types with your repository: org.springframework.data.mongodb.repository.MongoRepository.
2020-12-01 11:59:09 INFO  RepositoryConfigurationExtensionSupport:348 - Spring Data MongoDB - Could not safely identify store assignment for repository candidate interface es.plexus.hopes.hopesback.repository.PatientTreatmentRepository. If you want this repository to be a MongoDB repository, consider annotating your entities with one of these annotations: org.springframework.data.mongodb.core.mapping.Document (preferred), or consider extending one of the following types with your repository: org.springframework.data.mongodb.repository.MongoRepository.
2020-12-01 11:59:09 INFO  RepositoryConfigurationExtensionSupport:348 - Spring Data MongoDB - Could not safely identify store assignment for repository candidate interface es.plexus.hopes.hopesback.repository.PhotoRepository. If you want this repository to be a MongoDB repository, consider annotating your entities with one of these annotations: org.springframework.data.mongodb.core.mapping.Document (preferred), or consider extending one of the following types with your repository: org.springframework.data.mongodb.repository.MongoRepository.
2020-12-01 11:59:09 INFO  RepositoryConfigurationExtensionSupport:348 - Spring Data MongoDB - Could not safely identify store assignment for repository candidate interface es.plexus.hopes.hopesback.repository.RecommendationRepository. If you want this repository to be a MongoDB repository, consider annotating your entities with one of these annotations: org.springframework.data.mongodb.core.mapping.Document (preferred), or consider extending one of the following types with your repository: org.springframework.data.mongodb.repository.MongoRepository.
2020-12-01 11:59:09 INFO  RepositoryConfigurationExtensionSupport:348 - Spring Data MongoDB - Could not safely identify store assignment for repository candidate interface es.plexus.hopes.hopesback.repository.RoleRepository. If you want this repository to be a MongoDB repository, consider annotating your entities with one of these annotations: org.springframework.data.mongodb.core.mapping.Document (preferred), or consider extending one of the following types with your repository: org.springframework.data.mongodb.repository.MongoRepository.
2020-12-01 11:59:09 INFO  RepositoryConfigurationExtensionSupport:348 - Spring Data MongoDB - Could not safely identify store assignment for repository candidate interface es.plexus.hopes.hopesback.repository.SectionRepository. If you want this repository to be a MongoDB repository, consider annotating your entities with one of these annotations: org.springframework.data.mongodb.core.mapping.Document (preferred), or consider extending one of the following types with your repository: org.springframework.data.mongodb.repository.MongoRepository.
2020-12-01 11:59:09 INFO  RepositoryConfigurationExtensionSupport:348 - Spring Data MongoDB - Could not safely identify store assignment for repository candidate interface es.plexus.hopes.hopesback.repository.ServiceRepository. If you want this repository to be a MongoDB repository, consider annotating your entities with one of these annotations: org.springframework.data.mongodb.core.mapping.Document (preferred), or consider extending one of the following types with your repository: org.springframework.data.mongodb.repository.MongoRepository.
2020-12-01 11:59:09 INFO  RepositoryConfigurationExtensionSupport:348 - Spring Data MongoDB - Could not safely identify store assignment for repository candidate interface es.plexus.hopes.hopesback.repository.TokenRepository. If you want this repository to be a MongoDB repository, consider annotating your entities with one of these annotations: org.springframework.data.mongodb.core.mapping.Document (preferred), or consider extending one of the following types with your repository: org.springframework.data.mongodb.repository.MongoRepository.
2020-12-01 11:59:09 INFO  RepositoryConfigurationExtensionSupport:348 - Spring Data MongoDB - Could not safely identify store assignment for repository candidate interface es.plexus.hopes.hopesback.repository.UserRepository. If you want this repository to be a MongoDB repository, consider annotating your entities with one of these annotations: org.springframework.data.mongodb.core.mapping.Document (preferred), or consider extending one of the following types with your repository: org.springframework.data.mongodb.repository.MongoRepository.
2020-12-01 11:59:09 INFO  RepositoryConfigurationDelegate:187 - Finished Spring Data repository scanning in 278ms. Found 2 MongoDB repository interfaces.
2020-12-01 11:59:10 INFO  PostProcessorRegistrationDelegate$BeanPostProcessorChecker:330 - Bean 'org.springframework.security.config.annotation.configuration.ObjectPostProcessorConfiguration' of type [org.springframework.security.config.annotation.configuration.ObjectPostProcessorConfiguration] is not eligible for getting processed by all BeanPostProcessors (for example: not eligible for auto-proxying)
2020-12-01 11:59:10 INFO  PostProcessorRegistrationDelegate$BeanPostProcessorChecker:330 - Bean 'objectPostProcessor' of type [org.springframework.security.config.annotation.configuration.AutowireBeanFactoryObjectPostProcessor] is not eligible for getting processed by all BeanPostProcessors (for example: not eligible for auto-proxying)
2020-12-01 11:59:10 INFO  PostProcessorRegistrationDelegate$BeanPostProcessorChecker:330 - Bean 'org.springframework.security.access.expression.method.DefaultMethodSecurityExpressionHandler@55acec99' of type [org.springframework.security.access.expression.method.DefaultMethodSecurityExpressionHandler] is not eligible for getting processed by all BeanPostProcessors (for example: not eligible for auto-proxying)
2020-12-01 11:59:10 INFO  PostProcessorRegistrationDelegate$BeanPostProcessorChecker:330 - Bean 'org.springframework.security.config.annotation.method.configuration.GlobalMethodSecurityConfiguration' of type [org.springframework.security.config.annotation.method.configuration.GlobalMethodSecurityConfiguration] is not eligible for getting processed by all BeanPostProcessors (for example: not eligible for auto-proxying)
2020-12-01 11:59:10 INFO  PostProcessorRegistrationDelegate$BeanPostProcessorChecker:330 - Bean 'methodSecurityMetadataSource' of type [org.springframework.security.access.method.DelegatingMethodSecurityMetadataSource] is not eligible for getting processed by all BeanPostProcessors (for example: not eligible for auto-proxying)
2020-12-01 11:59:11 INFO  TomcatWebServer:92 - Tomcat initialized with port(s): 8080 (http)
2020-12-01 11:59:11 INFO  Http11NioProtocol:173 - Initializing ProtocolHandler ["http-nio-8080"]
2020-12-01 11:59:11 INFO  StandardService:173 - Starting service [Tomcat]
2020-12-01 11:59:11 INFO  StandardEngine:173 - Starting Servlet engine: [Apache Tomcat/9.0.33]
2020-12-01 11:59:11 INFO  [/v1]:173 - Initializing Spring embedded WebApplicationContext
2020-12-01 11:59:11 INFO  ContextLoader:284 - Root WebApplicationContext: initialization completed in 4982 ms
2020-12-01 11:59:12 INFO  AbstractContextSource:415 - Property 'userDn' not set - anonymous context will be used for read-write operations
2020-12-01 11:59:14 INFO  cluster:71 - Cluster created with settings {hosts=[localhost:27017], mode=MULTIPLE, requiredClusterType=UNKNOWN, serverSelectionTimeout='30000 ms', maxWaitQueueSize=500}
2020-12-01 11:59:14 INFO  cluster:71 - Adding discovered server localhost:27017 to client view of cluster
2020-12-01 11:59:14 INFO  connection:71 - Opened connection [connectionId{localValue:1, serverValue:53}] to localhost:27017
2020-12-01 11:59:14 INFO  cluster:71 - Monitor thread successfully connected to server with description ServerDescription{address=localhost:27017, type=STANDALONE, state=CONNECTED, ok=true, version=ServerVersion{versionList=[4, 4, 1]}, minWireVersion=0, maxWireVersion=9, maxDocumentSize=16777216, logicalSessionTimeoutMinutes=30, roundTripTimeNanos=9175100}
2020-12-01 11:59:14 INFO  cluster:71 - Discovered cluster type of STANDALONE
2020-12-01 11:59:15 INFO  connection:71 - Opened connection [connectionId{localValue:2, serverValue:54}] to localhost:27017
2020-12-01 11:59:16 INFO  HikariDataSource:110 - HikariPool-1 - Starting...
2020-12-01 11:59:16 INFO  HikariDataSource:123 - HikariPool-1 - Start completed.
2020-12-01 11:59:20 INFO  JdbcExecutor:42 - SELECT COUNT(*) FROM hopes.databasechangeloglock
2020-12-01 11:59:20 INFO  JdbcExecutor:42 - SELECT COUNT(*) FROM hopes.databasechangeloglock
2020-12-01 11:59:20 INFO  JdbcExecutor:42 - SELECT LOCKED FROM hopes.databasechangeloglock WHERE ID=1
2020-12-01 11:59:20 INFO  StandardLockService:42 - Successfully acquired change log lock
2020-12-01 11:59:22 INFO  JdbcExecutor:42 - SELECT MD5SUM FROM hopes.databasechangelog WHERE MD5SUM IS NOT NULL LIMIT 1
2020-12-01 11:59:22 INFO  JdbcExecutor:42 - SELECT COUNT(*) FROM hopes.databasechangelog
2020-12-01 11:59:22 INFO  StandardChangeLogHistoryService:42 - Reading from hopes.databasechangelog
2020-12-01 11:59:22 INFO  JdbcExecutor:42 - SELECT * FROM hopes.databasechangelog ORDER BY DATEEXECUTED ASC, ORDEREXECUTED ASC
2020-12-01 11:59:22 INFO  JdbcExecutor:42 - UPDATE hopes.sections SET sec_icon='assets/img/modules/paciente.png' WHERE sec_id= (select sec_id from hopes.sections s where sec_title like 'Paciente');
UPDATE hopes.sections SET sec_icon='assets/img/modules/gestion-paciente.png' WHERE sec_id= (select sec_id from hopes.sections s where sec_title like 'Gestión de Pacientes')
2020-12-01 11:59:22 INFO  ChangeSet:42 - Custom SQL executed
2020-12-01 11:59:22 INFO  ChangeSet:42 - ChangeSet classpath:db/changelog/yaml/../sql/data/8-update_sections.sql::raw::includeAll ran successfully in 322ms
2020-12-01 11:59:22 INFO  JdbcExecutor:42 - SELECT MAX(ORDEREXECUTED) FROM hopes.databasechangelog
2020-12-01 11:59:24 INFO  JdbcExecutor:42 - INSERT INTO hopes.databasechangelog (ID, AUTHOR, FILENAME, DATEEXECUTED, ORDEREXECUTED, MD5SUM, DESCRIPTION, COMMENTS, EXECTYPE, CONTEXTS, LABELS, LIQUIBASE, DEPLOYMENT_ID) VALUES ('raw', 'includeAll', 'classpath:db/changelog/yaml/../sql/data/8-update_sections.sql', NOW(), 53, '8:6b67c82290b7727f46ba3707146c1616', 'sql', '', 'EXECUTED', NULL, NULL, '3.8.8', '6820362255')
2020-12-01 11:59:24 INFO  StandardLockService:42 - Successfully released change log lock
2020-12-01 11:59:24 INFO  LogHelper:31 - HHH000204: Processing PersistenceUnitInfo [name: default]
2020-12-01 11:59:25 INFO  Version:44 - HHH000412: Hibernate ORM core version 5.4.12.Final
2020-12-01 11:59:25 INFO  Version:49 - HCANN000001: Hibernate Commons Annotations {5.1.0.Final}
2020-12-01 11:59:25 INFO  Dialect:172 - HHH000400: Using dialect: org.hibernate.dialect.PostgreSQL10Dialect
2020-12-01 11:59:27 INFO  JtaPlatformInitiator:52 - HHH000490: Using JtaPlatform implementation: [org.hibernate.engine.transaction.jta.platform.internal.NoJtaPlatform]
2020-12-01 11:59:27 INFO  LocalContainerEntityManagerFactoryBean:416 - Initialized JPA EntityManagerFactory for persistence unit 'default'
2020-12-01 11:59:30 INFO  EndpointLinksResolver:58 - Exposing 2 endpoint(s) beneath base path '/actuator'
2020-12-01 11:59:31 INFO  PropertySourcedRequestMappingHandlerMapping:69 - Mapped URL path [/v2/api-docs] onto method [springfox.documentation.swagger2.web.Swagger2Controller#getDocumentation(String, HttpServletRequest)]
2020-12-01 11:59:31 INFO  DefaultSpringSecurityContextSource:76 -  URL 'ldap://localhost:8389/dc=springframework,dc=org', root DN is 'dc=springframework,dc=org'
2020-12-01 11:59:31 INFO  AbstractContextSource:415 - Property 'userDn' not set - anonymous context will be used for read-write operations
2020-12-01 11:59:31 INFO  DefaultSecurityFilterChain:43 - Creating filter chain: any request, [org.springframework.security.web.context.request.async.WebAsyncManagerIntegrationFilter@22955ef2, org.springframework.security.web.context.SecurityContextPersistenceFilter@6b951ee5, org.springframework.security.web.header.HeaderWriterFilter@22608777, org.springframework.web.filter.CorsFilter@7111b312, org.springframework.security.web.authentication.logout.LogoutFilter@4aebdaff, es.plexus.hopes.hopesback.configuration.security.JWTAuthenticationFilter@70d28000, es.plexus.hopes.hopesback.configuration.security.JWTAuthorizationFilter@7f1f6c22, org.springframework.security.web.savedrequest.RequestCacheAwareFilter@23938bf7, org.springframework.security.web.servletapi.SecurityContextHolderAwareRequestFilter@3b21b0f5, org.springframework.security.web.authentication.AnonymousAuthenticationFilter@77f5cffd, org.springframework.security.web.session.SessionManagementFilter@48f9f1d6, org.springframework.security.web.access.ExceptionTranslationFilter@39b58f7d, org.springframework.security.web.access.intercept.FilterSecurityInterceptor@3f5743d9]
2020-12-01 11:59:31 INFO  ThreadPoolTaskExecutor:181 - Initializing ExecutorService 'applicationTaskExecutor'
2020-12-01 11:59:32 INFO  ThreadPoolTaskScheduler:181 - Initializing ExecutorService 'taskScheduler'
2020-12-01 11:59:32 INFO  DocumentationPluginsBootstrapper:151 - Context refreshed
2020-12-01 11:59:32 INFO  DocumentationPluginsBootstrapper:154 - Found 1 custom documentation plugin(s)
2020-12-01 11:59:32 INFO  ApiListingReferenceScanner:41 - Scanning for api listing references
2020-12-01 11:59:32 INFO  CachingOperationNameGenerator:40 - Generating unique operation named: findAllUsingGET_1
2020-12-01 11:59:32 INFO  CachingOperationNameGenerator:40 - Generating unique operation named: createUsingPOST_1
2020-12-01 11:59:32 INFO  CachingOperationNameGenerator:40 - Generating unique operation named: deleteUsingDELETE_1
2020-12-01 11:59:32 INFO  CachingOperationNameGenerator:40 - Generating unique operation named: findAllUsingGET_2
2020-12-01 11:59:32 INFO  CachingOperationNameGenerator:40 - Generating unique operation named: findByIdUsingGET_1
2020-12-01 11:59:33 INFO  CachingOperationNameGenerator:40 - Generating unique operation named: getDetailsResultsByTypeUsingGET_1
2020-12-01 11:59:33 INFO  CachingOperationNameGenerator:40 - Generating unique operation named: findByIdUsingGET_2
2020-12-01 11:59:33 INFO  CachingOperationNameGenerator:40 - Generating unique operation named: createUsingPOST_2
2020-12-01 11:59:33 INFO  CachingOperationNameGenerator:40 - Generating unique operation named: deleteUsingDELETE_2
2020-12-01 11:59:33 INFO  CachingOperationNameGenerator:40 - Generating unique operation named: findAllUsingGET_3
2020-12-01 11:59:33 INFO  CachingOperationNameGenerator:40 - Generating unique operation named: findByIdUsingGET_3
2020-12-01 11:59:33 INFO  CachingOperationNameGenerator:40 - Generating unique operation named: updateUsingPUT_1
2020-12-01 11:59:33 INFO  CachingOperationNameGenerator:40 - Generating unique operation named: createUsingPOST_3
2020-12-01 11:59:33 INFO  CachingOperationNameGenerator:40 - Generating unique operation named: deleteUsingDELETE_3
2020-12-01 11:59:33 INFO  CachingOperationNameGenerator:40 - Generating unique operation named: findAllUsingGET_4
2020-12-01 11:59:33 INFO  CachingOperationNameGenerator:40 - Generating unique operation named: findByIdUsingGET_4
2020-12-01 11:59:33 INFO  CachingOperationNameGenerator:40 - Generating unique operation named: updateUsingPUT_2
2020-12-01 11:59:33 INFO  CachingOperationNameGenerator:40 - Generating unique operation named: findGraphPatientsDetailsByCieUsingGET_1
2020-12-01 11:59:33 INFO  CachingOperationNameGenerator:40 - Generating unique operation named: findGraphPatientsDetailsByCombinedTreatmentUsingGET_1
2020-12-01 11:59:33 INFO  CachingOperationNameGenerator:40 - Generating unique operation named: findGraphPatientsDetailsByEndCauseBiologicTreatmentUsingGET_1
2020-12-01 11:59:33 INFO  CachingOperationNameGenerator:40 - Generating unique operation named: findGraphPatientsDetailsByEndCauseBiologicTreatmentInLastYearsUsingGET_1
2020-12-01 11:59:33 INFO  CachingOperationNameGenerator:40 - Generating unique operation named: findGraphPatientsDetailsByIndicationUsingGET_1
2020-12-01 11:59:33 INFO  CachingOperationNameGenerator:40 - Generating unique operation named: findGraphPatientsDetailsByNumberChangesUsingGET_1
2020-12-01 11:59:33 INFO  CachingOperationNameGenerator:40 - Generating unique operation named: findGraphPatientsDetailsByTypeTreatmentUsingGET_1
2020-12-01 11:59:33 INFO  CachingOperationNameGenerator:40 - Generating unique operation named: getDetailPatientsPerDosesUsingGET_1
2020-12-01 11:59:33 INFO  CachingOperationNameGenerator:40 - Generating unique operation named: getDetailPatientsUnderTreatmentUsingGET_1
2020-12-01 11:59:33 INFO  CachingOperationNameGenerator:40 - Generating unique operation named: getAllRolesUsingGET_1
2020-12-01 11:59:33 INFO  CachingOperationNameGenerator:40 - Generating unique operation named: createUsingPOST_4
2020-12-01 11:59:33 INFO  CachingOperationNameGenerator:40 - Generating unique operation named: deleteUsingDELETE_4
2020-12-01 11:59:33 INFO  CachingOperationNameGenerator:40 - Generating unique operation named: findAllUsingGET_5
2020-12-01 11:59:33 INFO  CachingOperationNameGenerator:40 - Generating unique operation named: findByIdUsingGET_5
2020-12-01 11:59:33 INFO  CachingOperationNameGenerator:40 - Generating unique operation named: updateUsingPUT_3
2020-12-01 11:59:33 INFO  CachingOperationNameGenerator:40 - Generating unique operation named: findByIdUsingGET_6
2020-12-01 11:59:33 INFO  CachingOperationNameGenerator:40 - Generating unique operation named: getAllServicesUsingGET_1
2020-12-01 11:59:33 INFO  Http11NioProtocol:173 - Starting ProtocolHandler ["http-nio-8080"]
2020-12-01 11:59:33 INFO  TomcatWebServer:204 - Tomcat started on port(s): 8080 (http) with context path '/v1'
2020-12-01 11:59:33 INFO  HopesBackApplication:61 - Started HopesBackApplication in 28.14 seconds (JVM running for 32.458)
2020-12-01 12:00:00 INFO  UserService:269 - Delete expired tokens
2020-12-01 12:00:00 DEBUG MigrationService:125 - Starting migration pharmacology treatment data
2020-12-01 12:00:01 DEBUG MigrationService:183 - Finished migration treatment data
2020-12-01 12:00:01 DEBUG MigrationService:92 - Starting migration diagnosis data
2020-12-01 12:00:03 ERROR MigrationService:398 - Template: principal-diagnosis PatientId: 13 Error: No se ha encontrado la etiqueta: anotherPsoriasis
2020-12-01 12:00:03 ERROR MigrationService:398 - Template: principal-diagnosis PatientId: 13 Error: No se ha encontrado la etiqueta: cieCode
2020-12-01 12:00:03 DEBUG PatientDiagnosisService:180 - Calling DB...
2020-12-01 12:00:03 ERROR MigrationService:398 - Template: principal-diagnosis PatientId: 30 Error: No se ha encontrado la etiqueta: anotherPsoriasis
2020-12-01 12:00:03 ERROR MigrationService:398 - Template: principal-diagnosis PatientId: 30 Error: No se ha encontrado la etiqueta: cieCode
2020-12-01 12:00:03 DEBUG PatientDiagnosisService:180 - Calling DB...
2020-12-01 12:00:03 DEBUG MigrationService:120 - Finished migration diagnosis data
